# JRE version: OpenJDK Runtime Environment (23.0.2+7) (build 23.0.2+7-58)
# Java VM: OpenJDK 64-Bit Server VM (23.0.2+7-58, mixed mode, sharing, tiered, compressed oops, compressed class ptrs, g1 gc, windows-amd64)
GC Precious Log:
 CardTable entry size: 512
 Card Set container configuration: InlinePtr #cards 4 size 8 Array Of Cards #cards 16 size 48 Howl #buckets 8 coarsen threshold 3686 Howl Bitmap #cards 512 size 80 coarsen threshold 460 Card regions per heap region 1 cards per card region 4096
 CPUs: 8 total, 8 available
 Memory: 16122M
 Large Page Support: Disabled
 NUMA Support: Disabled
 Compressed Oops: Enabled (Zero based)
 Heap Region Size: 2M
 Heap Min Capacity: 8M
 Heap Initial Capacity: 252M
 Heap Max Capacity: 4032M
 Pre-touch: Disabled
 Parallel Workers: 8
 Concurrent Workers: 2
 Concurrent Refinement Workers: 8
 Periodic GC: Disabled
Heap:
 garbage-first heap   total reserved 4128768K, committed 65536K, used 32174K [0x0000000704000000, 0x0000000800000000)
  region size 2048K, 6 young (12288K), 2 survivors (4096K)
 Metaspace       used 48609K, committed 49152K, reserved 1114112K
  class space    used 6454K, committed 6656K, reserved 1048576K
GC Heap History (18 events):
Event: 1.213 GC heap before
{Heap before GC invocations=0 (full 0):
 garbage-first heap   total reserved 4128768K, committed 258048K, used 22528K [0x0000000704000000, 0x0000000800000000)
  region size 2048K, 12 young (24576K), 0 survivors (0K)
 Metaspace       used 5279K, committed 5440K, reserved 1114112K
  class space    used 614K, committed 704K, reserved 1048576K
}
Event: 1.220 GC heap after
{Heap after GC invocations=1 (full 0):
 garbage-first heap   total reserved 4128768K, committed 258048K, used 8576K [0x0000000704000000, 0x0000000800000000)
  region size 2048K, 2 young (4096K), 2 survivors (4096K)
 Metaspace       used 5279K, committed 5440K, reserved 1114112K
  class space    used 614K, committed 704K, reserved 1048576K
}
Event: 1.862 GC heap before
{Heap before GC invocations=1 (full 0):
 garbage-first heap   total reserved 4128768K, committed 258048K, used 27008K [0x0000000704000000, 0x0000000800000000)
  region size 2048K, 11 young (22528K), 2 survivors (4096K)
 Metaspace       used 9768K, committed 10112K, reserved 1114112K
  class space    used 1258K, committed 1408K, reserved 1048576K
}
Event: 1.870 GC heap after
{Heap after GC invocations=2 (full 0):
 garbage-first heap   total reserved 4128768K, committed 258048K, used 10405K [0x0000000704000000, 0x0000000800000000)
  region size 2048K, 1 young (2048K), 1 survivors (2048K)
 Metaspace       used 9768K, committed 10112K, reserved 1114112K
  class space    used 1258K, committed 1408K, reserved 1048576K
}
Event: 3.165 GC heap before
{Heap before GC invocations=2 (full 0):
 garbage-first heap   total reserved 4128768K, committed 258048K, used 47269K [0x0000000704000000, 0x0000000800000000)
  region size 2048K, 21 young (43008K), 1 survivors (2048K)
 Metaspace       used 21200K, committed 21504K, reserved 1114112K
  class space    used 2764K, committed 2944K, reserved 1048576K
}
Event: 3.171 GC heap after
{Heap after GC invocations=3 (full 0):
 garbage-first heap   total reserved 4128768K, committed 258048K, used 13772K [0x0000000704000000, 0x0000000800000000)
  region size 2048K, 3 young (6144K), 3 survivors (6144K)
 Metaspace       used 21200K, committed 21504K, reserved 1114112K
  class space    used 2764K, committed 2944K, reserved 1048576K
}
Event: 4.855 GC heap before
{Heap before GC invocations=4 (full 0):
 garbage-first heap   total reserved 4128768K, committed 55296K, used 50636K [0x0000000704000000, 0x0000000800000000)
  region size 2048K, 22 young (45056K), 3 survivors (6144K)
 Metaspace       used 25592K, committed 25984K, reserved 1114112K
  class space    used 3251K, committed 3392K, reserved 1048576K
}
Event: 4.863 GC heap after
{Heap after GC invocations=5 (full 0):
 garbage-first heap   total reserved 4128768K, committed 65536K, used 17404K [0x0000000704000000, 0x0000000800000000)
  region size 2048K, 5 young (10240K), 5 survivors (10240K)
 Metaspace       used 25592K, committed 25984K, reserved 1114112K
  class space    used 3251K, committed 3392K, reserved 1048576K
}
Event: 6.519 GC heap before
{Heap before GC invocations=5 (full 0):
 garbage-first heap   total reserved 4128768K, committed 65536K, used 44028K [0x0000000704000000, 0x0000000800000000)
  region size 2048K, 18 young (36864K), 5 survivors (10240K)
 Metaspace       used 29805K, committed 30208K, reserved 1114112K
  class space    used 3861K, committed 4032K, reserved 1048576K
}
Event: 6.528 GC heap after
{Heap after GC invocations=6 (full 0):
 garbage-first heap   total reserved 4128768K, committed 65536K, used 18911K [0x0000000704000000, 0x0000000800000000)
  region size 2048K, 2 young (4096K), 2 survivors (4096K)
 Metaspace       used 29805K, committed 30208K, reserved 1114112K
  class space    used 3861K, committed 4032K, reserved 1048576K
}
Event: 7.563 GC heap before
{Heap before GC invocations=6 (full 0):
 garbage-first heap   total reserved 4128768K, committed 65536K, used 47583K [0x0000000704000000, 0x0000000800000000)
  region size 2048K, 16 young (32768K), 2 survivors (4096K)
 Metaspace       used 35459K, committed 35904K, reserved 1114112K
  class space    used 4606K, committed 4800K, reserved 1048576K
}
Event: 7.568 GC heap after
{Heap after GC invocations=7 (full 0):
 garbage-first heap   total reserved 4128768K, committed 65536K, used 20660K [0x0000000704000000, 0x0000000800000000)
  region size 2048K, 2 young (4096K), 2 survivors (4096K)
 Metaspace       used 35459K, committed 35904K, reserved 1114112K
  class space    used 4606K, committed 4800K, reserved 1048576K
}
Event: 7.604 GC heap before
{Heap before GC invocations=7 (full 0):
 garbage-first heap   total reserved 4128768K, committed 65536K, used 20660K [0x0000000704000000, 0x0000000800000000)
  region size 2048K, 3 young (6144K), 2 survivors (4096K)
 Metaspace       used 35581K, committed 35968K, reserved 1114112K
  class space    used 4612K, committed 4800K, reserved 1048576K
}
Event: 7.608 GC heap after
{Heap after GC invocations=8 (full 0):
 garbage-first heap   total reserved 4128768K, committed 65536K, used 21451K [0x0000000704000000, 0x0000000800000000)
  region size 2048K, 1 young (2048K), 1 survivors (2048K)
 Metaspace       used 35581K, committed 35968K, reserved 1114112K
  class space    used 4612K, committed 4800K, reserved 1048576K
}
Event: 8.613 GC heap before
{Heap before GC invocations=9 (full 0):
 garbage-first heap   total reserved 4128768K, committed 65536K, used 50123K [0x0000000704000000, 0x0000000800000000)
  region size 2048K, 15 young (30720K), 1 survivors (2048K)
 Metaspace       used 39778K, committed 40256K, reserved 1114112K
  class space    used 5196K, committed 5376K, reserved 1048576K
}
Event: 8.617 GC heap after
{Heap after GC invocations=10 (full 0):
 garbage-first heap   total reserved 4128768K, committed 65536K, used 23416K [0x0000000704000000, 0x0000000800000000)
  region size 2048K, 2 young (4096K), 2 survivors (4096K)
 Metaspace       used 39778K, committed 40256K, reserved 1114112K
  class space    used 5196K, committed 5376K, reserved 1048576K
}
Event: 10.200 GC heap before
{Heap before GC invocations=10 (full 0):
 garbage-first heap   total reserved 4128768K, committed 65536K, used 52088K [0x0000000704000000, 0x0000000800000000)
  region size 2048K, 16 young (32768K), 2 survivors (4096K)
 Metaspace       used 47007K, committed 47488K, reserved 1114112K
  class space    used 6203K, committed 6400K, reserved 1048576K
}
Event: 10.207 GC heap after
{Heap after GC invocations=11 (full 0):
 garbage-first heap   total reserved 4128768K, committed 65536K, used 26030K [0x0000000704000000, 0x0000000800000000)
  region size 2048K, 2 young (4096K), 2 survivors (4096K)
 Metaspace       used 47007K, committed 47488K, reserved 1114112K
  class space    used 6203K, committed 6400K, reserved 1048576K
}

